<?xml version="1.0" encoding="UTF-8"?>
<!-- Generated by org.testng.reporters.JUnitReportReporter -->
<testsuite skipped="0" hostname="DESKTOP-ID2RIII" name="com.TCS.testCase.searchInGoogle" tests="1" failures="0" timestamp="07 Aug 2019 17:22:02 GMT" time="25.130" errors="0">
  <testcase name="searchGoogle" time="25.130" classname="com.TCS.testCase.searchInGoogle"/>
</testsuite> <!-- com.TCS.testCase.searchInGoogle -->
