<?xml version="1.0" encoding="UTF-8"?>
<!-- Generated by org.testng.reporters.JUnitReportReporter -->
<testsuite skipped="0" hostname="DESKTOP-ID2RIII" name="com.TCS.testCase.searchInGoogleWithData" tests="1" failures="0" timestamp="18 Aug 2019 05:58:29 GMT" time="3.172" errors="0">
  <testcase name="searchGoogle" time="3.172" classname="com.TCS.testCase.searchInGoogleWithData"/>
</testsuite> <!-- com.TCS.testCase.searchInGoogleWithData -->
